JvmtiExport can_access_local_variables 0
JvmtiExport can_hotswap_or_post_breakpoint 0
JvmtiExport can_post_on_exceptions 0
# 216 ciObject found
ciMethod java/lang/Object <init> ()V 4097 1 303292 0 0
ciMethod java/lang/Object getClass ()Ljava/lang/Class; 2049 1 256 0 -1
ciMethod java/lang/Object hashCode ()I 2049 1 256 0 -1
ciMethod java/lang/Object equals (Ljava/lang/Object;)Z 2049 1 16712 0 -1
ciMethod java/lang/String hashCode ()I 2857 32769 1252 0 304
ciMethod java/util/Map size ()I 0 0 1 0 -1
ciMethod java/util/Map isEmpty ()Z 0 0 1 0 -1
ciMethod java/util/Map get (Ljava/lang/Object;)Ljava/lang/Object; 0 0 1 0 -1
ciMethod java/util/Map put (Ljava/lang/Object;Ljava/lang/Object;)Ljava/lang/Object; 0 0 1 0 -1
ciMethod java/util/Map keySet ()Ljava/util/Set; 0 0 1 0 -1
ciMethod java/lang/Float isNaN (F)Z 2065 1 8164 0 0
ciMethod java/util/List size ()I 0 0 1 0 -1
ciMethod java/util/List add (Ljava/lang/Object;)Z 0 0 1 0 -1
ciMethod java/util/List get (I)Ljava/lang/Object; 0 0 1 0 -1
ciMethod java/util/AbstractList <init> ()V 1209 1 32045 0 48
ciMethod java/util/AbstractCollection <init> ()V 593 1 39794 0 0
ciMethod java/lang/Math max (II)I 2193 1 9208 0 -1
ciMethod java/util/AbstractMap <init> ()V 673 1 21601 0 0
ciMethod java/util/ArrayList <init> (I)V 3073 1 6569 0 272
ciMethod java/util/ArrayList ensureCapacityInternal (I)V 1201 1 11609 0 560
ciMethod java/util/ArrayList ensureExplicitCapacity (I)V 1201 1 11609 0 528
ciMethod java/util/ArrayList grow (I)V 177 1 4893 0 0
ciMethod java/util/ArrayList hugeCapacity (I)I 0 0 1 0 -1
ciMethod java/util/ArrayList size ()I 1089 1 136 0 0
ciMethod java/util/ArrayList elementData (I)Ljava/lang/Object; 2241 1 17723 0 112
ciMethod java/util/ArrayList get (I)Ljava/lang/Object; 2241 1 8993 0 144
ciMethod java/util/ArrayList add (Ljava/lang/Object;)Z 1201 1 8411 0 752
ciMethod java/util/ArrayList rangeCheck (I)V 2241 1 17721 0 80
ciMethod java/util/Set toArray ([Ljava/lang/Object;)[Ljava/lang/Object; 0 0 1 0 -1
ciMethod java/util/HashMap hash (Ljava/lang/Object;)I 2841 1 50364 0 0
ciMethod java/util/HashMap tableSizeFor (I)I 2057 1 8142 0 128
ciMethod java/util/HashMap <init> (IF)V 425 1 7286 0 368
ciMethod java/util/HashMap <init> (I)V 425 1 7654 0 0
ciMethod java/util/HashMap <init> ()V 241 1 14047 0 0
ciMethod java/util/HashMap put (Ljava/lang/Object;Ljava/lang/Object;)Ljava/lang/Object; 2193 1 10394 0 0
ciMethod java/util/HashMap putVal (ILjava/lang/Object;Ljava/lang/Object;ZZ)Ljava/lang/Object; 27457 393 8987 0 2288
ciMethod java/util/HashMap resize ()[Ljava/util/HashMap$Node; 273 5217 4166 0 -1
ciMethod java/util/HashMap treeifyBin ([Ljava/util/HashMap$Node;I)V 0 0 1 0 -1
ciMethod java/util/HashMap newNode (ILjava/lang/Object;Ljava/lang/Object;Ljava/util/HashMap$Node;)Ljava/util/HashMap$Node; 2049 1 5400 0 -1
ciMethod java/util/HashMap afterNodeAccess (Ljava/util/HashMap$Node;)V 2081 1 789 0 -1
ciMethod java/util/HashMap afterNodeInsertion (Z)V 3073 1 1418 0 -1
ciMethod java/util/Arrays copyOf ([Ljava/lang/Object;I)[Ljava/lang/Object; 2793 1 10496 0 0
ciMethod java/util/Arrays copyOf ([Ljava/lang/Object;ILjava/lang/Class;)[Ljava/lang/Object; 2937 1 7765 0 -1
ciMethodData java/lang/Object <init> ()V 2 303393 orig 264 136 112 114 101 0 0 0 0 136 4 27 8 0 0 0 0 32 1 0 0 0 0 0 0 0 0 0 0 0 0 0 0 0 0 0 0 0 0 0 0 0 0 0 0 0 0 0 0 0 0 0 0 0 0 0 0 0 0 0 0 0 0 0 0 0 0 0 0 0 0 0 0 0 0 0 0 0 0 0 0 77 68 79 32 101 120 116 114 97 32 100 97 116 97 32 108 111 99 107 0 0 0 0 0 0 0 0 0 0 0 0 0 0 0 0 0 0 0 0 0 0 0 0 0 0 0 0 0 0 0 0 0 0 0 0 0 0 0 0 0 0 0 0 0 0 0 0 0 0 0 0 0 0 0 0 0 0 0 0 0 0 0 0 0 0 0 0 0 0 0 0 0 0 0 0 0 0 0 0 0 0 0 0 0 1 0 0 0 0 0 0 0 1 0 0 0 0 0 0 0 1 0 0 0 0 0 0 0 0 0 0 0 0 0 0 0 0 2 0 0 9 249 36 0 1 0 0 0 0 0 0 0 0 0 0 0 2 0 0 0 0 0 3 0 1 0 0 0 0 0 0 0 255 255 255 255 0 0 0 0 0 0 0 0 data 0 oops 0
ciMethod java/util/HashMap$TreeNode putTreeVal (Ljava/util/HashMap;[Ljava/util/HashMap$Node;ILjava/lang/Object;Ljava/lang/Object;)Ljava/util/HashMap$TreeNode; 0 0 1 0 -1
ciMethodData java/lang/String hashCode ()I 2 20879 orig 264 136 112 114 101 0 0 0 0 128 79 27 8 0 0 0 0 152 1 0 0 32 0 0 0 0 0 0 0 0 0 0 0 0 0 0 0 0 0 0 0 0 0 0 0 0 0 0 0 0 0 0 0 0 0 0 0 0 0 0 0 0 0 0 0 0 0 0 0 0 0 0 0 0 0 0 0 0 0 0 0 77 68 79 32 101 120 116 114 97 32 100 97 116 97 32 108 111 99 107 0 0 0 0 0 0 0 0 0 0 0 0 0 0 0 0 0 0 0 0 0 0 0 0 0 0 0 0 0 0 0 0 0 0 0 0 0 0 0 0 0 0 0 0 0 0 0 0 0 0 0 0 0 0 0 0 0 0 0 0 0 0 0 0 0 0 0 0 0 0 0 0 0 0 0 0 0 0 0 0 0 0 0 0 0 0 0 0 0 0 0 0 0 0 0 0 0 0 0 0 0 0 0 0 0 0 0 0 0 0 0 0 0 0 0 0 0 0 16 0 0 249 27 0 0 121 12 2 0 0 0 0 0 0 0 0 0 2 0 0 0 1 0 11 0 2 0 0 0 120 0 0 0 255 255 255 255 7 0 6 0 0 0 0 0 data 15 0x60007 0x11d 0x78 0x262 0xe0007 0x6 0x58 0x25c 0x1e0007 0x25c 0x38 0x416d 0x2d0003 0x416d 0xffffffffffffffe0 oops 0
ciMethodData java/util/HashMap hash (Ljava/lang/Object;)I 2 50364 orig 264 136 112 114 101 0 0 0 0 112 184 42 8 0 0 0 0 176 1 0 0 0 0 0 0 0 0 0 0 0 0 0 0 0 0 0 0 0 0 0 0 0 0 0 0 0 0 0 0 0 0 0 0 0 0 0 0 0 0 0 0 0 0 0 0 0 0 0 0 0 0 0 0 0 0 0 0 0 0 0 0 77 68 79 32 101 120 116 114 97 32 100 97 116 97 32 108 111 99 107 0 0 0 0 0 0 0 0 0 0 0 0 0 0 0 0 0 0 0 0 0 0 0 0 0 0 0 0 0 0 0 0 0 0 0 0 0 0 0 0 0 0 0 0 0 1 0 0 0 1 0 0 0 0 0 0 0 0 0 0 0 0 0 0 0 0 0 0 0 0 0 0 0 0 0 0 0 0 0 0 3 0 0 0 0 17 0 0 0 0 0 0 0 0 0 0 0 0 0 0 0 0 0 0 0 0 0 0 0 0 0 0 0 0 0 0 0 99 1 0 0 201 26 6 0 1 0 0 0 47 156 0 0 0 0 0 0 2 0 0 0 0 0 6 0 2 0 0 0 104 0 0 0 255 255 255 255 7 224 1 0 0 0 0 0 data 13 0x1e007 0xc2a2 0x38 0xba 0x50003 0xba 0x48 0x90005 0x286f 0x221ed20 0x9307 0xc7411e0 0x72c oops 2 9 java/lang/String 11 java/util/jar/Attributes$Name
ciMethodData java/util/HashMap put (Ljava/lang/Object;Ljava/lang/Object;)Ljava/lang/Object; 2 10394 orig 264 136 112 114 101 0 0 0 0 96 195 42 8 0 0 0 0 152 1 0 0 0 0 0 0 0 0 0 0 0 0 0 0 0 0 0 0 0 0 0 0 0 0 0 0 0 0 0 0 0 0 0 0 0 0 0 0 0 0 0 0 0 0 0 0 0 0 0 0 0 0 0 0 0 0 0 0 0 0 0 0 77 68 79 32 101 120 116 114 97 32 100 97 116 97 32 108 111 99 107 0 0 0 0 0 0 0 0 0 0 0 0 0 0 0 0 0 0 0 0 0 0 0 0 0 0 0 0 0 0 0 0 0 0 0 0 0 0 0 0 0 0 0 0 0 2 0 0 0 0 0 0 0 0 0 0 0 0 0 0 0 0 0 0 0 0 0 0 0 0 0 0 0 0 0 0 0 0 0 0 0 0 0 0 0 17 0 0 0 0 0 0 0 0 0 0 0 0 0 0 0 0 0 0 0 0 0 0 0 0 0 0 0 0 0 0 0 18 1 0 0 65 60 1 0 1 0 0 0 228 21 0 0 0 0 0 0 2 0 0 0 0 0 7 0 2 0 0 0 64 0 0 0 255 255 255 255 2 0 2 0 0 0 0 0 data 8 0x20002 0x2788 0x90005 0x195 0xc7ba940 0x1bfc 0xcf394e0 0x9f8 oops 2 4 java/util/HashMap 6 java/util/LinkedHashMap
ciMethodData java/util/HashMap putVal (ILjava/lang/Object;Ljava/lang/Object;ZZ)Ljava/lang/Object; 2 8987 orig 264 136 112 114 101 0 0 0 0 64 197 42 8 0 0 0 0 176 6 0 0 176 3 0 0 0 0 0 0 0 0 0 0 0 0 0 0 0 0 0 0 0 0 0 0 0 0 0 0 0 0 0 0 0 0 0 0 0 0 0 0 0 0 0 0 0 0 0 0 0 0 0 0 0 0 0 0 0 0 0 0 77 68 79 32 101 120 116 114 97 32 100 97 116 97 32 108 111 99 107 0 0 0 0 0 0 0 0 0 0 0 0 0 0 0 0 0 0 0 0 0 0 0 0 0 0 0 0 0 0 0 0 0 0 0 0 0 0 0 0 0 0 0 0 0 1 0 0 0 0 0 0 0 0 0 0 0 0 0 0 0 0 0 0 0 5 0 0 0 0 0 0 0 0 0 0 0 0 0 0 0 0 0 0 0 0 0 0 0 0 0 0 0 0 0 0 0 0 0 0 0 0 0 0 0 0 0 0 0 0 0 0 0 0 0 0 0 18 1 0 0 153 173 0 0 209 13 0 0 0 0 0 0 0 0 0 0 2 0 0 0 1 0 50 0 2 0 0 0 64 5 0 0 255 255 255 255 7 0 7 0 0 0 0 0 data 168 0x70007 0x20d 0x40 0x13a6 0x100007 0x13a6 0x50 0x0 0x140005 0x110 0xc7ba940 0xfc 0xcbc6170 0x1 0x2c0007 0x83d 0x98 0xd76 0x380005 0x38 0xc7ba940 0xa6f 0xcf394e0 0x2cf 0x3b0004 0x0 0xc746650 0xa8f 0xcbc6220 0x2e7 0x3c0003 0xd76 0x3d0 0x450007 0x64b 0xc8 0x1f2 0x510007 0x1a1 0x90 0x51 0x550007 0x0 0x88 0x51 0x5b0005 0x3f 0x9b35000 0x6 0xcbc62d0 0xc 0x5e0007 0x46 0x38 0xb 0x650003 0x1ac 0x278 0x6a0004 0xfffffffffffff96f 0xc746650 0x26 0xcbc6220 0x14 0x6d0007 0x691 0x98 0x0 0x720004 0x0 0x0 0x0 0x0 0x0 0x7b0005 0x0 0x0 0x0 0x0 0x0 0x800003 0x0 0x1b0 0x8e0007 0x24c 0xb8 0x5ff 0x980005 0x88 0xc7ba940 0x56a 0xcbc6380 0xd 0xa20007 0x5ff 0x148 0x0 0xa90005 0x0 0x0 0x0 0x0 0x0 0xac0003 0x0 0xf8 0xb50007 0x1b7 0xc8 0x95 0xc10007 0x92 0xc0 0x3 0xc50007 0x0 0x88 0x3 0xcbc005 0x0 0xcbc6430 0x3 0x221ed20 0x5 0xce0007 0x3 0x38 0x5 0xd10003 0x5 0x30 0xdb0003 0x1ba 0xfffffffffffffe80 0xe00007 0x5ff 0x90 0x243 0xec0007 0x243 0x40 0x0 0xf10007 0x0 0x20 0x0 0xfd0005 0x0 0xc7ba940 0x23d 0xcf394e0 0x6 0x11c0007 0x12f0 0x50 0x85 0x1200005 0xd 0xc7ba940 0x75 0xcbc6170 0x3 0x1270005 0x56 0xc7ba940 0xfd9 0xcf394e0 0x346 oops 20 10 java/util/HashMap 12 java/lang/ProcessEnvironment 20 java/util/HashMap 22 java/util/LinkedHashMap 26 java/util/HashMap$Node 28 java/util/LinkedHashMap$Entry 47 java/io/File 49 com/google/inject/internal/ProviderMethodsModule 60 java/util/HashMap$Node 62 java/util/LinkedHashMap$Entry 89 java/util/HashMap 91 java/io/ExpiringCache$1 120 sun/misc/ProxyGenerator$ConstantPool$IndirectEntry 122 java/lang/String 148 java/util/HashMap 150 java/util/LinkedHashMap 158 java/util/HashMap 160 java/lang/ProcessEnvironment 164 java/util/HashMap 166 java/util/LinkedHashMap
ciMethodData java/util/ArrayList add (Ljava/lang/Object;)Z 2 8411 orig 264 136 112 114 101 0 0 0 0 184 139 41 8 0 0 0 0 144 1 0 0 0 0 0 0 0 0 0 0 0 0 0 0 0 0 0 0 0 0 0 0 0 0 0 0 0 0 0 0 0 0 0 0 0 0 0 0 0 0 0 0 0 0 0 0 0 0 0 0 0 0 0 0 0 0 0 0 0 0 0 0 77 68 79 32 101 120 116 114 97 32 100 97 116 97 32 108 111 99 107 0 0 0 0 0 0 0 0 0 0 0 0 0 0 0 0 0 0 0 0 0 0 0 0 0 0 0 0 0 0 0 0 0 0 0 0 0 0 0 0 0 0 0 0 0 0 0 0 0 0 0 0 0 0 0 0 0 0 0 0 0 0 0 0 0 0 0 0 0 0 0 0 0 0 0 0 0 0 0 0 0 0 0 0 0 0 0 0 0 0 0 0 0 0 0 0 0 0 0 0 0 0 0 0 0 0 0 0 0 0 0 0 0 0 0 0 0 150 0 0 0 41 2 1 0 1 0 0 0 0 0 0 0 0 0 0 0 2 0 0 0 0 0 15 0 2 0 0 0 64 0 0 0 255 255 255 255 2 0 7 0 0 0 0 0 data 8 0x70002 0x2045 0x1a0004 0x0 0xcfa4210 0x15 0xcfa42c0 0x1c oops 2 4 sun/misc/URLClassPath$JarLoader 6 java/io/FilePermission
ciMethodData java/util/ArrayList ensureCapacityInternal (I)V 2 11609 orig 264 136 112 114 101 0 0 0 0 48 129 41 8 0 0 0 0 144 1 0 0 32 0 0 0 0 0 0 0 0 0 0 0 0 0 0 0 0 0 0 0 0 0 0 0 0 0 0 0 0 0 0 0 0 0 0 0 0 0 0 0 0 0 0 0 0 0 0 0 0 0 0 0 0 0 0 0 0 0 0 0 77 68 79 32 101 120 116 114 97 32 100 97 116 97 32 108 111 99 107 0 0 0 0 0 0 0 0 0 0 0 0 0 0 0 0 0 0 0 0 0 0 0 0 0 0 0 0 0 0 0 0 0 0 0 0 0 0 0 0 0 0 0 0 0 0 0 0 0 0 0 0 0 0 0 0 0 0 0 0 0 0 0 0 0 0 0 0 0 0 0 0 0 0 0 0 0 0 0 0 0 0 0 0 0 0 0 0 0 0 0 0 0 0 0 0 0 0 0 0 0 0 0 0 0 0 0 0 0 0 0 0 0 0 0 0 0 150 0 0 0 25 102 1 0 1 0 0 0 0 0 0 0 0 0 0 0 2 0 0 0 0 0 14 0 2 0 0 0 64 0 0 0 255 255 255 255 7 0 7 0 0 0 0 0 data 8 0x70007 0x1a3c 0x30 0x1287 0xd0002 0x1287 0x130002 0x2cc3 oops 0
ciMethodData java/util/ArrayList ensureExplicitCapacity (I)V 2 11609 orig 264 136 112 114 101 0 0 0 0 224 129 41 8 0 0 0 0 88 1 0 0 0 0 0 0 0 0 0 0 0 0 0 0 0 0 0 0 0 0 0 0 0 0 0 0 0 0 0 0 0 0 0 0 0 0 0 0 0 0 0 0 0 0 0 0 0 0 0 0 0 0 0 0 0 0 0 0 0 0 0 0 77 68 79 32 101 120 116 114 97 32 100 97 116 97 32 108 111 99 107 0 0 0 0 0 0 0 0 0 0 0 0 0 0 0 0 0 0 0 0 0 0 0 0 0 0 0 0 0 0 0 0 0 0 0 0 0 0 0 0 0 0 0 0 0 0 0 0 0 0 0 0 0 0 0 0 0 0 0 0 0 0 0 0 0 0 0 0 0 0 0 0 0 0 0 0 0 0 0 0 0 0 0 0 0 0 0 0 0 0 0 0 0 0 0 0 0 0 0 0 0 0 0 0 0 0 0 0 0 0 0 0 0 0 0 0 0 150 0 0 0 25 102 1 0 1 0 0 0 0 0 0 0 0 0 0 0 2 0 0 0 0 0 6 0 2 0 0 0 48 0 0 0 255 255 255 255 7 0 17 0 0 0 0 0 data 6 0x110007 0x19bd 0x30 0x1306 0x160002 0x1306 oops 0
ciMethodData java/util/ArrayList grow (I)V 2 4893 orig 264 136 112 114 101 0 0 0 0 168 130 41 8 0 0 0 0 176 1 0 0 64 0 0 0 0 0 0 0 0 0 0 0 0 0 0 0 0 0 0 0 0 0 0 0 0 0 0 0 0 0 0 0 0 0 0 0 0 0 0 0 0 0 0 0 0 0 0 0 0 0 0 0 0 0 0 0 0 0 0 0 77 68 79 32 101 120 116 114 97 32 100 97 116 97 32 108 111 99 107 0 0 0 0 0 0 0 0 0 0 0 0 0 0 0 0 0 0 0 0 0 0 0 0 0 0 0 0 0 0 0 0 0 0 0 0 0 0 0 0 0 0 0 0 0 0 0 0 0 0 0 0 0 0 0 0 0 0 0 0 0 0 0 0 0 0 0 0 0 0 0 0 0 0 0 0 0 0 0 0 0 0 0 0 0 17 0 0 0 0 0 0 0 0 0 0 0 0 0 0 0 1 0 0 0 0 0 0 0 0 0 0 0 0 0 0 0 22 0 0 0 57 152 0 0 1 0 0 0 0 0 0 0 0 0 0 0 2 0 0 0 0 0 15 0 2 0 0 0 96 0 0 0 255 255 255 255 7 0 15 0 0 0 0 0 data 12 0xf0007 0x7b 0x20 0x128c 0x180007 0x1307 0x30 0x0 0x1c0002 0x0 0x260002 0x1307 oops 0
ciMethodData java/util/ArrayList get (I)Ljava/lang/Object; 2 8993 orig 264 136 112 114 101 0 0 0 0 96 138 41 8 0 0 0 0 144 1 0 0 0 0 0 0 0 0 0 0 0 0 0 0 0 0 0 0 0 0 0 0 0 0 0 0 0 0 0 0 0 0 0 0 0 0 0 0 0 0 0 0 0 0 0 0 0 0 0 0 0 0 0 0 0 0 0 0 0 0 0 0 77 68 79 32 101 120 116 114 97 32 100 97 116 97 32 108 111 99 107 0 0 0 0 0 0 0 0 0 0 0 0 0 0 0 0 0 0 0 0 0 0 0 0 0 0 0 0 0 0 0 0 0 0 0 0 0 0 0 0 0 0 0 0 0 0 0 0 0 0 0 0 0 0 0 0 0 0 0 0 0 0 0 0 0 0 0 0 0 0 0 0 0 0 0 0 0 0 0 0 0 0 0 0 0 0 0 0 0 0 0 0 0 0 0 0 0 0 0 0 0 0 0 0 0 0 0 0 0 0 0 0 0 0 0 0 0 24 1 0 0 73 16 1 0 1 0 0 0 0 0 0 0 0 0 0 0 2 0 0 0 0 0 6 0 2 0 0 0 64 0 0 0 255 255 255 255 2 0 2 0 0 0 0 0 data 8 0x20002 0x2209 0x70005 0x0 0xc7ba570 0x2209 0x0 0x0 oops 1 4 java/util/ArrayList
ciMethodData java/util/ArrayList rangeCheck (I)V 2 17721 orig 264 136 112 114 101 0 0 0 0 64 147 41 8 0 0 0 0 104 1 0 0 0 0 0 0 0 0 0 0 0 0 0 0 0 0 0 0 0 0 0 0 0 0 0 0 0 0 0 0 0 0 0 0 0 0 0 0 0 0 0 0 0 0 0 0 0 0 0 0 0 0 0 0 0 0 0 0 0 0 0 0 77 68 79 32 101 120 116 114 97 32 100 97 116 97 32 108 111 99 107 0 0 0 0 0 0 0 0 0 0 0 0 0 0 0 0 0 0 0 0 0 0 0 0 0 0 0 0 0 0 0 0 0 0 0 0 0 0 0 0 0 0 0 0 0 0 0 0 0 0 0 0 0 0 0 0 0 0 0 0 0 0 0 0 0 0 0 0 0 0 0 0 0 0 0 0 0 0 0 0 0 0 0 0 0 0 0 0 0 0 0 0 0 0 0 0 0 0 0 0 0 0 0 0 0 0 0 0 0 0 0 0 0 0 0 0 0 24 1 0 0 9 33 2 0 1 0 0 0 0 0 0 0 0 0 0 0 2 0 0 0 0 0 0 0 0 0 0 0 64 0 0 0 255 255 255 255 7 0 5 0 0 0 0 0 data 8 0x50007 0x4421 0x40 0x0 0xe0002 0x0 0x110002 0x0 oops 0
ciMethodData java/util/ArrayList elementData (I)Ljava/lang/Object; 2 17723 orig 264 136 112 114 101 0 0 0 0 192 137 41 8 0 0 0 0 40 1 0 0 0 0 0 0 0 0 0 0 0 0 0 0 0 0 0 0 0 0 0 0 0 0 0 0 0 0 0 0 0 0 0 0 0 0 0 0 0 0 0 0 0 0 0 0 0 0 0 0 0 0 0 0 0 0 0 0 0 0 0 0 77 68 79 32 101 120 116 114 97 32 100 97 116 97 32 108 111 99 107 0 0 0 0 0 0 0 0 0 0 0 0 0 0 0 0 0 0 0 0 0 0 0 0 0 0 0 0 0 0 0 0 0 0 0 0 0 0 0 0 0 0 0 0 0 0 0 0 0 0 0 0 0 0 0 0 0 0 0 0 0 0 0 0 0 0 0 0 0 0 0 0 0 0 0 0 0 0 0 0 0 0 0 0 0 0 0 0 0 0 0 0 0 0 0 0 0 0 0 0 0 0 0 0 0 0 0 0 0 0 0 0 0 0 0 0 0 24 1 0 0 25 33 2 0 1 0 0 0 0 0 0 0 0 0 0 0 2 0 0 0 0 0 0 0 0 0 0 0 0 0 0 0 255 255 255 255 0 0 0 0 0 0 0 0 data 0 oops 0
ciMethodData java/util/AbstractCollection <init> ()V 2 39794 orig 264 136 112 114 101 0 0 0 0 48 81 39 8 0 0 0 0 48 1 0 0 0 0 0 0 0 0 0 0 0 0 0 0 0 0 0 0 0 0 0 0 0 0 0 0 0 0 0 0 0 0 0 0 0 0 0 0 0 0 0 0 0 0 0 0 0 0 0 0 0 0 0 0 0 0 0 0 0 0 0 0 77 68 79 32 101 120 116 114 97 32 100 97 116 97 32 108 111 99 107 0 0 0 0 0 0 0 0 0 0 0 0 0 0 0 0 0 0 0 0 0 0 0 0 0 0 0 0 0 0 0 0 0 0 0 0 0 0 0 0 0 0 0 0 0 0 0 0 0 0 0 0 0 0 0 0 0 0 0 0 0 0 0 0 0 0 0 0 0 0 0 0 0 0 0 0 0 0 0 0 0 0 0 0 0 0 0 0 0 0 0 0 0 0 0 0 0 0 0 0 0 0 0 0 0 0 0 0 0 0 0 0 0 0 0 0 0 74 0 0 0 65 217 4 0 1 0 0 0 0 0 0 0 0 0 0 0 2 0 0 0 0 0 3 0 2 0 0 0 16 0 0 0 255 255 255 255 2 0 1 0 0 0 0 0 data 2 0x10002 0x9b28 oops 0
ciMethodData java/util/HashMap <init> ()V 2 14047 orig 264 136 112 114 101 0 0 0 0 40 189 42 8 0 0 0 0 48 1 0 0 0 0 0 0 0 0 0 0 0 0 0 0 0 0 0 0 0 0 0 0 0 0 0 0 0 0 0 0 0 0 0 0 0 0 0 0 0 0 0 0 0 0 0 0 0 0 0 0 0 0 0 0 0 0 0 0 0 0 0 0 77 68 79 32 101 120 116 114 97 32 100 97 116 97 32 108 111 99 107 0 0 0 0 0 0 0 0 0 0 0 0 0 0 0 0 0 0 0 0 0 0 0 0 0 0 0 0 0 0 0 0 0 0 0 0 0 0 0 0 0 0 0 0 0 0 0 0 0 0 0 0 0 0 0 0 0 0 0 0 0 0 0 0 0 0 0 0 0 0 0 0 0 0 0 0 0 0 0 0 0 0 0 0 0 0 0 0 0 0 0 0 0 0 0 0 0 0 0 0 0 0 0 0 0 0 0 0 0 0 0 0 0 0 0 0 0 30 0 0 0 9 182 1 0 1 0 0 0 0 0 0 0 0 0 0 0 2 0 0 0 0 0 3 0 2 0 0 0 16 0 0 0 255 255 255 255 2 0 1 0 0 0 0 0 data 2 0x10002 0x36c1 oops 0
ciMethodData java/util/AbstractMap <init> ()V 2 21601 orig 264 136 112 114 101 0 0 0 0 96 13 41 8 0 0 0 0 48 1 0 0 0 0 0 0 0 0 0 0 0 0 0 0 0 0 0 0 0 0 0 0 0 0 0 0 0 0 0 0 0 0 0 0 0 0 0 0 0 0 0 0 0 0 0 0 0 0 0 0 0 0 0 0 0 0 0 0 0 0 0 0 77 68 79 32 101 120 116 114 97 32 100 97 116 97 32 108 111 99 107 0 0 0 0 0 0 0 0 0 0 0 0 0 0 0 0 0 0 0 0 0 0 0 0 0 0 0 0 0 0 0 0 0 0 0 0 0 0 0 0 0 0 0 0 0 0 0 0 0 0 0 0 0 0 0 0 0 0 0 0 0 0 0 0 0 0 0 0 0 0 0 0 0 0 0 0 0 0 0 0 0 0 0 0 0 0 0 0 0 0 0 0 0 0 0 0 0 0 0 0 0 0 0 0 0 0 0 0 0 0 0 0 0 0 0 0 0 84 0 0 0 105 160 2 0 1 0 0 0 0 0 0 0 0 0 0 0 2 0 0 0 0 0 3 0 2 0 0 0 16 0 0 0 255 255 255 255 2 0 1 0 0 0 0 0 data 2 0x10002 0x540d oops 0
ciMethodData java/util/AbstractList <init> ()V 2 32045 orig 264 136 112 114 101 0 0 0 0 200 61 39 8 0 0 0 0 48 1 0 0 0 0 0 0 0 0 0 0 0 0 0 0 0 0 0 0 0 0 0 0 0 0 0 0 0 0 0 0 0 0 0 0 0 0 0 0 0 0 0 0 0 0 0 0 0 0 0 0 0 0 0 0 0 0 0 0 0 0 0 0 77 68 79 32 101 120 116 114 97 32 100 97 116 97 32 108 111 99 107 0 0 0 0 0 0 0 0 0 0 0 0 0 0 0 0 0 0 0 0 0 0 0 0 0 0 0 0 0 0 0 0 0 0 0 0 0 0 0 0 0 0 0 0 0 0 0 0 0 0 0 0 0 0 0 0 0 0 0 0 0 0 0 0 0 0 0 0 0 0 0 0 0 0 0 0 0 0 0 0 0 0 0 0 0 0 0 0 0 0 0 0 0 0 0 0 0 0 0 0 0 0 0 0 0 0 0 0 0 0 0 0 0 0 0 0 0 151 0 0 0 177 228 3 0 1 0 0 0 0 0 0 0 0 0 0 0 2 0 0 0 0 0 3 0 2 0 0 0 16 0 0 0 255 255 255 255 2 0 1 0 0 0 0 0 data 2 0x10002 0x7c96 oops 0
ciMethodData java/util/HashMap <init> (I)V 2 7681 orig 264 136 112 114 101 0 0 0 0 136 188 42 8 0 0 0 0 56 1 0 0 0 0 0 0 0 0 0 0 0 0 0 0 0 0 0 0 0 0 0 0 0 0 0 0 0 0 0 0 0 0 0 0 0 0 0 0 0 0 0 0 0 0 0 0 0 0 0 0 0 0 0 0 0 0 0 0 0 0 0 0 77 68 79 32 101 120 116 114 97 32 100 97 116 97 32 108 111 99 107 0 0 0 0 0 0 0 0 0 0 0 0 0 0 0 0 0 0 0 0 0 0 0 0 0 0 0 0 0 0 0 0 0 0 0 0 0 0 0 0 0 0 0 0 0 0 0 0 0 0 0 0 0 0 0 0 0 0 0 0 0 0 0 0 0 0 0 0 0 0 0 0 0 0 0 0 0 0 0 0 0 0 0 0 0 0 0 0 0 0 0 0 0 0 0 0 0 0 0 0 0 0 0 0 0 0 0 0 0 0 0 0 0 0 0 0 0 53 0 0 0 97 238 0 0 1 0 0 0 0 0 0 0 0 0 0 0 2 0 0 0 0 0 3 0 2 0 0 0 16 0 0 0 255 255 255 255 2 0 4 0 0 0 0 0 data 2 0x40002 0x1dcc oops 0
ciMethodData java/util/HashMap <init> (IF)V 2 7286 orig 264 136 112 114 101 0 0 0 0 240 187 42 8 0 0 0 0 104 3 0 0 240 1 0 0 0 0 0 0 0 0 0 0 0 0 0 0 0 0 0 0 0 0 0 0 0 0 0 0 0 0 0 0 0 0 0 0 0 0 0 0 0 0 0 0 0 0 0 0 0 0 0 0 0 0 0 0 0 0 0 0 77 68 79 32 101 120 116 114 97 32 100 97 116 97 32 108 111 99 107 0 0 0 0 0 0 0 0 0 0 0 0 0 0 0 0 0 0 0 0 0 0 0 0 0 0 0 0 0 0 0 0 0 0 0 0 0 0 0 0 0 0 0 0 0 0 0 0 0 0 0 0 0 0 0 0 0 0 0 0 0 0 0 0 0 0 0 0 0 0 0 0 0 0 0 0 0 0 0 0 0 0 0 0 0 0 0 0 0 0 0 0 0 0 0 0 0 0 0 0 0 0 0 0 0 0 0 0 0 0 0 0 0 0 0 0 0 53 0 0 0 9 226 0 0 1 0 0 0 0 0 0 0 0 0 0 0 2 0 0 0 0 0 17 0 2 0 0 0 16 2 0 0 255 255 255 255 2 0 1 0 0 0 0 0 data 66 0x10002 0x1c41 0x50007 0x1c41 0xd0 0x0 0x100002 0x0 0x150005 0x0 0x0 0x0 0x0 0x0 0x190005 0x0 0x0 0x0 0x0 0x0 0x1c0005 0x0 0x0 0x0 0x0 0x0 0x1f0002 0x0 0x260007 0x1c41 0x20 0x0 0x2f0007 0x0 0x50 0x1c41 0x330002 0x1c41 0x360007 0x1c41 0xd0 0x0 0x410002 0x0 0x460005 0x0 0x0 0x0 0x0 0x0 0x4a0005 0x0 0x0 0x0 0x0 0x0 0x4d0005 0x0 0x0 0x0 0x0 0x0 0x500002 0x0 0x5b0002 0x1c41 oops 0
ciMethodData java/util/Arrays copyOf ([Ljava/lang/Object;I)[Ljava/lang/Object; 2 10496 orig 264 136 112 114 101 0 0 0 0 96 53 44 8 0 0 0 0 192 1 0 0 0 0 0 0 0 0 0 0 0 0 0 0 0 0 0 0 0 0 0 0 0 0 0 0 0 0 0 0 0 0 0 0 0 0 0 0 0 0 0 0 0 0 0 0 0 0 0 0 0 0 0 0 0 0 0 0 0 0 0 0 77 68 79 32 101 120 116 114 97 32 100 97 116 97 32 108 111 99 107 0 0 0 0 0 0 0 0 0 0 0 0 0 0 0 0 0 0 0 0 0 0 0 0 0 0 0 0 0 0 0 0 0 0 0 0 0 0 0 0 0 0 0 0 0 0 0 0 0 0 0 0 0 0 0 0 0 0 0 0 0 0 0 0 0 0 0 0 0 0 0 0 0 0 0 0 0 0 0 0 0 0 0 0 0 17 0 0 0 0 0 0 0 0 0 0 0 0 0 0 0 0 0 0 0 0 0 0 0 0 0 0 0 0 0 0 0 93 1 0 0 25 61 1 0 1 0 0 0 0 0 0 0 0 0 0 0 2 0 0 0 0 0 3 0 2 0 0 0 112 0 0 0 255 255 255 255 5 0 3 0 0 0 0 0 data 14 0x30005 0x7 0xce95ca0 0x2778 0xcf383d0 0x24 0x60002 0x27a3 0x90004 0x0 0xce95ca0 0x6 0xcf383d0 0x1 oops 4 2 [Ljava/lang/Object; 4 [Ljava/lang/reflect/Method; 10 [Ljava/lang/Object; 12 [Ljava/lang/reflect/Method;
ciMethodData java/lang/Float isNaN (F)Z 2 8164 orig 264 136 112 114 101 0 0 0 0 184 178 36 8 0 0 0 0 88 1 0 0 0 0 0 0 0 0 0 0 0 0 0 0 0 0 0 0 0 0 0 0 0 0 0 0 0 0 0 0 0 0 0 0 0 0 0 0 0 0 0 0 0 0 0 0 0 0 0 0 0 0 0 0 0 0 0 0 0 0 0 0 77 68 79 32 101 120 116 114 97 32 100 97 116 97 32 108 111 99 107 0 0 0 0 0 0 0 0 0 0 0 0 0 0 0 0 0 0 0 0 0 0 0 0 0 0 0 0 0 0 0 0 0 0 0 0 0 0 0 0 0 0 0 0 0 0 0 0 0 0 0 0 0 0 0 0 0 0 0 0 0 0 0 0 0 0 0 0 0 0 0 0 0 0 0 0 0 0 0 0 0 0 0 0 0 0 0 0 0 0 0 0 0 0 0 0 0 0 0 0 0 0 0 0 0 0 0 0 0 0 0 0 0 0 0 0 0 2 1 0 0 17 247 0 0 1 0 0 0 0 0 0 0 0 0 0 0 2 0 0 0 0 0 6 0 2 0 0 0 56 0 0 0 255 255 255 255 7 0 3 0 0 0 0 0 data 7 0x30007 0x1ee2 0x38 0x0 0x70003 0x0 0x18 oops 0
ciMethod org/codehaus/plexus/util/xml/Xpp3Dom <init> (Lorg/codehaus/plexus/util/xml/Xpp3Dom;)V 4097 1 5496 0 0
ciMethod org/codehaus/plexus/util/xml/Xpp3Dom <init> (Lorg/codehaus/plexus/util/xml/Xpp3Dom;Ljava/lang/String;)V 4097 3137 5645 0 0
ciMethod org/codehaus/plexus/util/xml/Xpp3Dom getName ()Ljava/lang/String; 1785 1 223 0 0
ciMethod org/codehaus/plexus/util/xml/Xpp3Dom getValue ()Ljava/lang/String; 2265 1 283 0 0
ciMethod org/codehaus/plexus/util/xml/Xpp3Dom setValue (Ljava/lang/String;)V 3089 1 7115 0 0
ciMethod org/codehaus/plexus/util/xml/Xpp3Dom getAttributeNames ()[Ljava/lang/String; 4097 1 6133 0 2640
ciMethod org/codehaus/plexus/util/xml/Xpp3Dom getAttribute (Ljava/lang/String;)Ljava/lang/String; 601 1 884 0 0
ciMethod org/codehaus/plexus/util/xml/Xpp3Dom setAttribute (Ljava/lang/String;Ljava/lang/String;)V 785 1 756 0 0
ciMethod org/codehaus/plexus/util/xml/Xpp3Dom getChild (I)Lorg/codehaus/plexus/util/xml/Xpp3Dom; 3289 1 4490 0 0
ciMethod org/codehaus/plexus/util/xml/Xpp3Dom addChild (Lorg/codehaus/plexus/util/xml/Xpp3Dom;)V 3137 1 9089 0 0
ciMethod org/codehaus/plexus/util/xml/Xpp3Dom getChildCount ()I 4097 1 10331 0 0
ciMethod org/codehaus/plexus/util/xml/Xpp3Dom setParent (Lorg/codehaus/plexus/util/xml/Xpp3Dom;)V 3177 1 9099 0 0
ciMethodData java/util/ArrayList <init> (I)V 2 6569 orig 264 136 112 114 101 0 0 0 0 152 125 41 8 0 0 0 0 128 2 0 0 104 0 0 0 0 0 0 0 0 0 0 0 0 0 0 0 0 0 0 0 0 0 0 0 0 0 0 0 0 0 0 0 0 0 0 0 0 0 0 0 0 0 0 0 0 0 0 0 0 0 0 0 0 0 0 0 0 0 0 0 77 68 79 32 101 120 116 114 97 32 100 97 116 97 32 108 111 99 107 0 0 0 0 0 0 0 0 0 0 0 0 0 0 0 0 0 0 0 0 0 0 0 0 0 0 0 0 0 0 0 0 0 0 0 0 0 0 0 0 0 0 0 0 0 0 0 0 0 0 0 0 0 0 0 0 0 0 0 0 0 0 0 0 0 0 0 0 0 0 0 0 0 0 0 0 0 0 0 0 0 0 0 0 0 0 0 0 0 0 0 0 0 0 0 0 0 0 0 0 0 0 0 0 0 0 0 0 0 0 0 0 0 0 0 0 0 128 1 0 0 73 193 0 0 1 0 0 0 0 0 0 0 0 0 0 0 2 0 0 0 0 0 8 0 2 0 0 0 48 1 0 0 255 255 255 255 2 0 1 0 0 0 0 0 data 38 0x10002 0x1829 0x50007 0xba5 0x38 0xc84 0x100003 0xc84 0x100 0x140007 0x0 0x38 0xba5 0x1e0003 0xba5 0xc8 0x290002 0x0 0x2e0005 0x0 0x0 0x0 0x0 0x0 0x320005 0x0 0x0 0x0 0x0 0x0 0x350005 0x0 0x0 0x0 0x0 0x0 0x380002 0x0 oops 0
ciMethodData java/util/HashMap tableSizeFor (I)I 2 8142 orig 264 136 112 114 101 0 0 0 0 248 186 42 8 0 0 0 0 152 1 0 0 32 0 0 0 0 0 0 0 0 0 0 0 0 0 0 0 0 0 0 0 0 0 0 0 0 0 0 0 0 0 0 0 0 0 0 0 0 0 0 0 0 0 0 0 0 0 0 0 0 0 0 0 0 0 0 0 0 0 0 0 77 68 79 32 101 120 116 114 97 32 100 97 116 97 32 108 111 99 107 0 0 0 0 0 0 0 0 0 0 0 0 0 0 0 0 0 0 0 0 0 0 0 0 0 0 0 0 0 0 0 0 0 0 0 0 0 0 0 0 0 0 0 0 0 0 0 0 0 0 0 0 0 0 0 0 0 0 0 0 0 0 0 0 0 0 0 0 0 0 0 0 0 0 0 0 0 0 0 0 0 0 0 0 0 0 0 0 0 0 0 0 0 0 0 0 0 0 0 0 0 0 0 0 0 0 0 0 0 0 0 0 0 0 0 0 0 1 1 0 0 105 246 0 0 1 0 0 0 0 0 0 0 0 0 0 0 2 0 0 0 0 0 8 0 2 0 0 0 112 0 0 0 255 255 255 255 7 0 37 0 0 0 0 0 data 14 0x250007 0x109e 0x38 0xe2f 0x290003 0xe2f 0x50 0x2f0007 0x109e 0x38 0x0 0x340003 0x0 0x18 oops 0
ciMethodData org/codehaus/plexus/util/xml/Xpp3Dom setValue (Ljava/lang/String;)V 2 7129 orig 264 136 112 114 101 0 0 0 0 0 53 126 8 0 0 0 0 40 1 0 0 0 0 0 0 0 0 0 0 0 0 0 0 0 0 0 0 0 0 0 0 0 0 0 0 0 0 0 0 0 0 0 0 0 0 0 0 0 0 0 0 0 0 0 0 0 0 0 0 0 0 0 0 0 0 0 0 0 0 0 0 77 68 79 32 101 120 116 114 97 32 100 97 116 97 32 108 111 99 107 0 0 0 0 0 0 0 0 0 0 0 0 0 0 0 0 0 0 0 0 0 0 0 0 0 0 0 0 0 0 0 0 0 0 0 0 0 0 0 0 0 0 0 0 0 0 0 0 0 0 0 0 0 0 0 0 0 0 0 0 0 0 0 0 0 0 0 0 0 0 0 0 0 0 0 0 0 0 0 0 0 0 0 0 0 0 0 0 0 0 0 0 0 0 0 0 0 0 0 0 0 0 0 0 0 0 0 0 0 0 0 0 0 0 0 0 0 130 1 0 0 185 210 0 0 1 0 0 0 0 0 0 0 0 0 0 0 2 0 0 0 0 0 3 0 1 0 0 0 0 0 0 0 255 255 255 255 0 0 0 0 0 0 0 0 data 0 oops 0
ciMethodData org/codehaus/plexus/util/xml/Xpp3Dom addChild (Lorg/codehaus/plexus/util/xml/Xpp3Dom;)V 2 9099 orig 264 136 112 114 101 0 0 0 0 216 57 126 8 0 0 0 0 16 2 0 0 0 0 0 0 0 0 0 0 0 0 0 0 0 0 0 0 0 0 0 0 0 0 0 0 0 0 0 0 0 0 0 0 0 0 0 0 0 0 0 0 0 0 0 0 0 0 0 0 0 0 0 0 0 0 0 0 0 0 0 0 77 68 79 32 101 120 116 114 97 32 100 97 116 97 32 108 111 99 107 0 0 0 0 0 0 0 0 0 0 0 0 0 0 0 0 0 0 0 0 0 0 0 0 0 0 0 0 0 0 0 0 0 0 0 0 0 0 0 0 0 0 0 0 0 0 0 0 0 0 0 0 0 0 0 0 0 0 0 0 0 0 0 0 0 0 0 0 0 0 0 0 0 0 0 0 0 0 0 0 0 0 0 0 0 0 0 0 0 0 0 0 0 0 0 0 0 0 0 0 0 0 0 0 0 0 0 0 0 0 0 0 0 0 0 0 0 135 1 0 0 25 16 1 0 1 0 0 0 0 0 0 0 0 0 0 0 2 0 0 0 0 0 3 0 2 0 0 0 192 0 0 0 255 255 255 255 5 0 2 0 0 0 0 0 data 24 0x20005 0x0 0xc7b8300 0x2203 0x0 0x0 0xa0005 0x0 0xc7ba570 0x2203 0x0 0x0 0x150005 0x0 0xc7b8300 0x2203 0x0 0x0 0x190005 0x0 0xc7ba940 0x2203 0x0 0x0 oops 4 2 org/codehaus/plexus/util/xml/Xpp3Dom 8 java/util/ArrayList 14 org/codehaus/plexus/util/xml/Xpp3Dom 20 java/util/HashMap
ciMethodData org/codehaus/plexus/util/xml/Xpp3Dom setParent (Lorg/codehaus/plexus/util/xml/Xpp3Dom;)V 2 9099 orig 264 136 112 114 101 0 0 0 0 224 62 126 8 0 0 0 0 40 1 0 0 0 0 0 0 0 0 0 0 0 0 0 0 0 0 0 0 0 0 0 0 0 0 0 0 0 0 0 0 0 0 0 0 0 0 0 0 0 0 0 0 0 0 0 0 0 0 0 0 0 0 0 0 0 0 0 0 0 0 0 0 77 68 79 32 101 120 116 114 97 32 100 97 116 97 32 108 111 99 107 0 0 0 0 0 0 0 0 0 0 0 0 0 0 0 0 0 0 0 0 0 0 0 0 0 0 0 0 0 0 0 0 0 0 0 0 0 0 0 0 0 0 0 0 0 0 0 0 0 0 0 0 0 0 0 0 0 0 0 0 0 0 0 0 0 0 0 0 0 0 0 0 0 0 0 0 0 0 0 0 0 0 0 0 0 0 0 0 0 0 0 0 0 0 0 0 0 0 0 0 0 0 0 0 0 0 0 0 0 0 0 0 0 0 0 0 0 141 1 0 0 241 15 1 0 1 0 0 0 0 0 0 0 0 0 0 0 2 0 0 0 0 0 3 0 1 0 0 0 0 0 0 0 255 255 255 255 0 0 0 0 0 0 0 0 data 0 oops 0
ciMethodData org/codehaus/plexus/util/xml/Xpp3Dom getChildCount ()I 2 10333 orig 264 136 112 114 101 0 0 0 0 176 60 126 8 0 0 0 0 152 1 0 0 0 0 0 0 0 0 0 0 0 0 0 0 0 0 0 0 0 0 0 0 0 0 0 0 0 0 0 0 0 0 0 0 0 0 0 0 0 0 0 0 0 0 0 0 0 0 0 0 0 0 0 0 0 0 0 0 0 0 0 0 77 68 79 32 101 120 116 114 97 32 100 97 116 97 32 108 111 99 107 0 0 0 0 0 0 0 0 0 0 0 0 0 0 0 0 0 0 0 0 0 0 0 0 0 0 0 0 0 0 0 0 0 0 0 0 0 0 0 0 0 0 0 0 0 0 0 0 0 0 0 0 0 0 0 0 0 0 0 0 0 0 0 0 0 0 0 0 0 0 0 0 0 0 0 0 0 0 0 0 0 0 0 0 0 0 0 0 0 0 0 0 0 0 0 0 0 0 0 0 0 0 0 0 0 0 0 0 0 0 0 0 0 0 0 0 0 0 2 0 0 233 50 1 0 1 0 0 0 0 0 0 0 0 0 0 0 2 0 0 0 0 0 5 0 2 0 0 0 80 0 0 0 255 255 255 255 7 0 5 0 0 0 0 0 data 10 0x50007 0x265d 0x20 0x0 0xe0005 0x0 0xc7ba570 0x265d 0x0 0x0 oops 1 6 java/util/ArrayList
ciMethodData org/codehaus/plexus/util/xml/Xpp3Dom getAttributeNames ()[Ljava/lang/String; 2 6133 orig 264 136 112 114 101 0 0 0 0 216 53 126 8 0 0 0 0 168 2 0 0 80 0 0 0 0 0 0 0 0 0 0 0 0 0 0 0 0 0 0 0 0 0 0 0 0 0 0 0 0 0 0 0 0 0 0 0 0 0 0 0 0 0 0 0 0 0 0 0 0 0 0 0 0 0 0 0 0 0 0 0 77 68 79 32 101 120 116 114 97 32 100 97 116 97 32 108 111 99 107 0 0 0 0 0 0 0 0 0 0 0 0 0 0 0 0 0 0 0 0 0 0 0 0 0 0 0 0 0 0 0 0 0 0 0 0 0 0 0 0 0 0 0 0 0 0 0 0 0 0 0 0 0 0 0 0 0 0 0 0 0 0 0 0 0 0 0 0 0 0 0 0 0 0 0 0 0 0 0 0 0 0 0 0 0 0 0 0 0 0 0 0 0 0 0 0 0 0 0 0 0 0 0 0 0 0 0 0 0 0 0 0 0 0 0 0 0 0 2 0 0 169 175 0 0 1 0 0 0 0 0 0 0 0 0 0 0 2 0 0 0 0 0 8 0 2 0 0 0 96 1 0 0 255 255 255 255 7 0 5 0 0 0 0 0 data 44 0x50007 0x1471 0x70 0x184 0xc0005 0x0 0xc7ba940 0x184 0x0 0x0 0x110007 0x184 0x20 0x0 0x1c0005 0x0 0xc7ba940 0x184 0x0 0x0 0x250005 0x0 0xc7ba940 0x184 0x0 0x0 0x2d0005 0x0 0xcbc5630 0x184 0x0 0x0 0x320004 0x0 0xc7bb150 0x184 0x0 0x0 0x350004 0x0 0xc7bb150 0x1a 0x0 0x0 oops 6 6 java/util/HashMap 16 java/util/HashMap 22 java/util/HashMap 28 java/util/HashMap$KeySet 34 [Ljava/lang/String; 40 [Ljava/lang/String;
ciMethodData org/codehaus/plexus/util/xml/Xpp3Dom getAttribute (Ljava/lang/String;)Ljava/lang/String; 1 890 orig 264 136 112 114 101 0 0 0 0 160 54 126 8 0 0 0 0 232 1 0 0 0 0 0 0 0 0 0 0 0 0 0 0 0 0 0 0 0 0 0 0 0 0 0 0 0 0 0 0 0 0 0 0 0 0 0 0 0 0 0 0 0 0 0 0 0 0 0 0 0 0 0 0 0 0 0 0 0 0 0 0 77 68 79 32 101 120 116 114 97 32 100 97 116 97 32 108 111 99 107 0 0 0 0 0 0 0 0 0 0 0 0 0 0 0 0 0 0 0 0 0 0 0 0 0 0 0 0 0 0 0 0 0 0 0 0 0 0 0 0 0 0 0 0 0 0 0 0 0 0 0 0 0 0 0 0 0 0 0 0 0 0 0 0 0 0 0 0 0 0 0 0 0 0 0 0 0 0 0 0 0 0 0 0 0 0 0 0 0 0 0 0 0 0 0 0 0 0 0 0 0 0 0 0 0 0 0 0 0 0 0 0 0 0 0 0 0 75 0 0 0 121 25 0 0 1 0 0 0 0 0 0 0 0 0 0 0 2 0 0 0 0 0 6 0 2 0 0 0 152 0 0 0 255 255 255 255 7 0 5 0 0 0 0 0 data 19 0x50007 0xb6 0x98 0x279 0xd0005 0x0 0xc7ba940 0x279 0x0 0x0 0x120104 0x0 0x221ed20 0x209 0x0 0x0 0x150003 0x279 0x18 oops 2 6 java/util/HashMap 12 java/lang/String
ciMethodData org/codehaus/plexus/util/xml/Xpp3Dom <init> (Lorg/codehaus/plexus/util/xml/Xpp3Dom;Ljava/lang/String;)V 2 5645 orig 264 136 112 114 101 0 0 0 0 16 51 126 8 0 0 0 0 136 3 0 0 112 1 0 0 0 0 0 0 0 0 0 0 0 0 0 0 0 0 0 0 0 0 0 0 0 0 0 0 0 0 0 0 0 0 0 0 0 0 0 0 0 0 0 0 0 0 0 0 0 0 0 0 0 0 0 0 0 0 0 0 77 68 79 32 101 120 116 114 97 32 100 97 116 97 32 108 111 99 107 0 0 0 0 0 0 0 0 0 0 0 0 0 0 0 0 0 0 0 0 0 0 0 0 0 0 0 0 0 0 0 0 0 0 0 0 0 0 0 0 0 0 0 0 0 0 0 0 0 0 0 0 0 0 0 0 0 0 0 0 0 0 0 0 0 0 0 0 0 0 0 0 0 0 0 0 0 0 0 0 0 0 0 0 0 0 0 0 0 0 0 0 0 0 0 0 0 0 0 0 0 0 0 0 0 0 0 0 0 0 0 0 0 0 0 0 0 0 2 0 0 105 160 0 0 57 129 0 0 0 0 0 0 0 0 0 0 2 0 0 0 2 0 16 0 2 0 0 0 48 2 0 0 255 255 255 255 2 0 1 0 0 0 0 0 data 70 0x10002 0x140d 0xa0005 0x0 0xc7b8300 0x140d 0x0 0x0 0x140002 0x140d 0x220002 0x140d 0x2a0005 0x0 0xc7b8300 0x140d 0x0 0x0 0x2d0005 0x0 0xc7b8300 0x140d 0x0 0x0 0x310005 0x0 0xc7b8300 0x140d 0x0 0x0 0x3e0007 0x140d 0x98 0x9d 0x4e0005 0x0 0xc7b8300 0x9d 0x0 0x0 0x510005 0x0 0xc7b8300 0x9d 0x0 0x0 0x570003 0x9d 0xffffffffffffff80 0x600007 0x140d 0xa8 0xf89 0x6b0005 0x0 0xc7b8300 0xf89 0x0 0x0 0x6e0002 0xf89 0x710005 0x0 0xc7b8300 0xf89 0x0 0x0 0x770003 0xf89 0xffffffffffffff70 oops 8 4 org/codehaus/plexus/util/xml/Xpp3Dom 14 org/codehaus/plexus/util/xml/Xpp3Dom 20 org/codehaus/plexus/util/xml/Xpp3Dom 26 org/codehaus/plexus/util/xml/Xpp3Dom 36 org/codehaus/plexus/util/xml/Xpp3Dom 42 org/codehaus/plexus/util/xml/Xpp3Dom 55 org/codehaus/plexus/util/xml/Xpp3Dom 63 org/codehaus/plexus/util/xml/Xpp3Dom
ciMethodData org/codehaus/plexus/util/xml/Xpp3Dom <init> (Lorg/codehaus/plexus/util/xml/Xpp3Dom;)V 2 5508 orig 264 136 112 114 101 0 0 0 0 144 49 126 8 0 0 0 0 144 1 0 0 0 0 0 0 0 0 0 0 0 0 0 0 0 0 0 0 0 0 0 0 0 0 0 0 0 0 0 0 0 0 0 0 0 0 0 0 0 0 0 0 0 0 0 0 0 0 0 0 0 0 0 0 0 0 0 0 0 0 0 0 77 68 79 32 101 120 116 114 97 32 100 97 116 97 32 108 111 99 107 0 0 0 0 0 0 0 0 0 0 0 0 0 0 0 0 0 0 0 0 0 0 0 0 0 0 0 0 0 0 0 0 0 0 0 0 0 0 0 0 0 0 0 0 0 0 0 0 0 0 0 0 0 0 0 0 0 0 0 0 0 0 0 0 0 0 0 0 0 0 0 0 0 0 0 0 0 0 0 0 0 0 0 0 0 0 0 0 0 0 0 0 0 0 0 0 0 0 0 0 0 0 0 0 0 0 0 0 0 0 0 0 0 0 0 0 0 0 2 0 0 33 156 0 0 1 0 0 0 0 0 0 0 0 0 0 0 2 0 0 0 0 0 3 0 2 0 0 0 64 0 0 0 255 255 255 255 5 0 3 0 0 0 0 0 data 8 0x30005 0x0 0xc7b8300 0x1384 0x0 0x0 0x60002 0x1384 oops 1 2 org/codehaus/plexus/util/xml/Xpp3Dom
ciMethodData org/codehaus/plexus/util/xml/Xpp3Dom setAttribute (Ljava/lang/String;Ljava/lang/String;)V 1 756 orig 264 136 112 114 101 0 0 0 0 152 55 126 8 0 0 0 0 24 2 0 0 128 0 0 0 0 0 0 0 0 0 0 0 0 0 0 0 0 0 0 0 0 0 0 0 0 0 0 0 0 0 0 0 0 0 0 0 0 0 0 0 0 0 0 0 0 0 0 0 0 0 0 0 0 0 0 0 0 0 0 0 77 68 79 32 101 120 116 114 97 32 100 97 116 97 32 108 111 99 107 0 0 0 0 0 0 0 0 0 0 0 0 0 0 0 0 0 0 0 0 0 0 0 0 0 0 0 0 0 0 0 0 0 0 0 0 0 0 0 0 0 0 0 0 0 0 0 0 0 0 0 0 0 0 0 0 0 0 0 0 0 0 0 0 0 0 0 0 0 0 0 0 0 0 0 0 0 0 0 0 0 0 0 0 0 0 0 0 0 0 0 0 0 0 0 0 0 0 0 0 0 0 0 0 0 0 0 0 0 0 0 0 0 0 0 0 0 98 0 0 0 145 20 0 0 1 0 0 0 0 0 0 0 0 0 0 0 2 0 0 0 0 0 10 0 2 0 0 0 192 0 0 0 255 255 255 255 7 0 2 0 0 0 0 0 data 24 0x20007 0x292 0x30 0x0 0xb0002 0x0 0x110007 0x292 0x30 0x0 0x1a0002 0x0 0x230007 0xad 0x30 0x1e5 0x2b0002 0x1e5 0x370005 0x0 0xc7ba940 0x292 0x0 0x0 oops 1 20 java/util/HashMap
ciMethodData org/codehaus/plexus/util/xml/Xpp3Dom getChild (I)Lorg/codehaus/plexus/util/xml/Xpp3Dom; 2 4503 orig 264 136 112 114 101 0 0 0 0 80 56 126 8 0 0 0 0 176 1 0 0 0 0 0 0 0 0 0 0 0 0 0 0 0 0 0 0 0 0 0 0 0 0 0 0 0 0 0 0 0 0 0 0 0 0 0 0 0 0 0 0 0 0 0 0 0 0 0 0 0 0 0 0 0 0 0 0 0 0 0 0 77 68 79 32 101 120 116 114 97 32 100 97 116 97 32 108 111 99 107 0 0 0 0 0 0 0 0 0 0 0 0 0 0 0 0 0 0 0 0 0 0 0 0 0 0 0 0 0 0 0 0 0 0 0 0 0 0 0 0 0 0 0 0 0 0 0 0 0 0 0 0 0 0 0 0 0 0 0 0 0 0 0 0 0 0 0 0 0 0 0 0 0 0 0 0 0 0 0 0 0 0 0 0 0 0 0 0 0 0 0 0 0 0 0 0 0 0 0 0 0 0 0 0 0 0 0 0 0 0 0 0 0 0 0 0 0 155 1 0 0 225 127 0 0 1 0 0 0 0 0 0 0 0 0 0 0 2 0 0 0 0 0 3 0 2 0 0 0 96 0 0 0 255 255 255 255 5 0 5 0 0 0 0 0 data 12 0x50005 0x0 0xc7ba570 0xffc 0x0 0x0 0xa0004 0x0 0xc7b8300 0xffc 0x0 0x0 oops 2 2 java/util/ArrayList 8 org/codehaus/plexus/util/xml/Xpp3Dom
instanceKlass org/sonatype/aether/graph/Dependency$Exclusions$1
instanceKlass org/apache/maven/plugin/internal/PlexusUtilsInjector
instanceKlass org/apache/maven/plugin/internal/WagonExcluder
instanceKlass org/apache/maven/ArtifactFilterManagerDelegate
instanceKlass org/sonatype/aether/util/filter/ExclusionsDependencyFilter
instanceKlass org/apache/maven/plugin/DefaultPluginRealmCache$CacheKey
instanceKlass org/codehaus/plexus/classworlds/realm/Entry
instanceKlass org/apache/maven/classrealm/ClassRealmManagerDelegate
instanceKlass org/sonatype/aether/util/graph/TreeDependencyVisitor
instanceKlass org/sonatype/aether/util/graph/transformer/NearestVersionConflictResolver$Position
instanceKlass org/sonatype/aether/util/graph/transformer/NearestVersionConflictResolver$ConflictGroup
instanceKlass java/util/IdentityHashMap$EntryIterator$Entry
instanceKlass org/sonatype/aether/util/graph/transformer/JavaEffectiveScopeCalculator$ConflictGroup
instanceKlass org/sonatype/aether/util/graph/transformer/ConflictIdSorter$RootQueue
instanceKlass org/sonatype/aether/util/graph/transformer/ConflictIdSorter$ConflictId
instanceKlass org/sonatype/aether/util/graph/transformer/ConflictIdSorter
instanceKlass org/sonatype/aether/util/graph/transformer/TransformationContextKeys
instanceKlass org/sonatype/aether/util/graph/transformer/ConflictMarker$ConflictGroup
instanceKlass org/sonatype/aether/util/graph/transformer/ConflictMarker$Key
instanceKlass java/util/AbstractMap$SimpleImmutableEntry
instanceKlass java/util/ArrayList$1
instanceKlass org/sonatype/aether/impl/internal/DataPool$NodeKey
instanceKlass org/sonatype/aether/impl/internal/DataPool$GraphKey
instanceKlass org/sonatype/aether/impl/internal/DataPool$Descriptor
instanceKlass org/sonatype/aether/impl/internal/DataPool$Constraint
instanceKlass org/sonatype/aether/impl/internal/DataPool$ConstraintKey
instanceKlass org/sonatype/aether/util/graph/manager/ClassicDependencyManager$Key
instanceKlass org/sonatype/aether/impl/internal/DefaultDependencyCollectionContext
instanceKlass org/sonatype/aether/impl/internal/EdgeStack
instanceKlass java/util/Collections$SynchronizedMap
instanceKlass org/sonatype/aether/impl/internal/ObjectPool
instanceKlass org/sonatype/aether/impl/internal/DataPool
instanceKlass org/sonatype/aether/impl/internal/GraphNode
instanceKlass org/sonatype/aether/impl/internal/GraphEdge
instanceKlass org/sonatype/aether/impl/internal/CachingArtifactTypeRegistry
instanceKlass org/sonatype/aether/util/artifact/ArtifacIdUtils
instanceKlass org/apache/maven/lifecycle/internal/LifecycleDependencyResolver$ReactorDependencyFilter
instanceKlass org/sonatype/aether/util/filter/AndDependencyFilter
instanceKlass org/sonatype/aether/util/filter/ScopeDependencyFilter
instanceKlass org/apache/maven/artifact/versioning/Restriction
instanceKlass org/sonatype/aether/util/version/GenericVersion$Item
instanceKlass org/sonatype/aether/util/version/GenericVersion$Tokenizer
instanceKlass java/io/FileOutputStream$1
instanceKlass org/sonatype/aether/util/version/GenericVersion
instanceKlass org/sonatype/aether/util/version/GenericVersionConstraint
instanceKlass org/sonatype/aether/version/VersionConstraint
instanceKlass org/sonatype/aether/version/VersionRange
instanceKlass org/sonatype/aether/util/version/GenericVersionScheme
instanceKlass org/apache/maven/plugin/MavenPluginValidator
instanceKlass org/codehaus/plexus/component/repository/ComponentDependency
instanceKlass org/codehaus/plexus/component/repository/ComponentRequirement
instanceKlass org/apache/maven/plugin/descriptor/Parameter
instanceKlass org/codehaus/plexus/configuration/DefaultPlexusConfiguration
instanceKlass org/apache/maven/model/Notifier
instanceKlass org/apache/maven/model/ActivationFile
instanceKlass org/apache/maven/model/Site
instanceKlass org/apache/maven/repository/internal/DefaultModelCache$Key
instanceKlass org/apache/maven/model/building/ModelCacheTag$2
instanceKlass org/apache/maven/model/building/ModelCacheTag$1
instanceKlass org/apache/maven/repository/internal/DefaultModelResolver
instanceKlass org/apache/maven/repository/internal/DefaultModelCache
instanceKlass java/nio/channels/spi/AbstractInterruptibleChannel$1
instanceKlass sun/nio/ch/Interruptible
instanceKlass sun/nio/ch/FileKey
instanceKlass sun/nio/ch/FileLockTable
instanceKlass sun/nio/ch/NativeThread
instanceKlass java/nio/channels/FileLock
instanceKlass sun/nio/ch/NativeDispatcher
instanceKlass sun/nio/ch/NativeThreadSet
instanceKlass sun/nio/ch/IOUtil$1
instanceKlass sun/nio/ch/IOUtil
instanceKlass java/nio/file/attribute/FileAttribute
instanceKlass java/nio/channels/spi/AbstractInterruptibleChannel
instanceKlass java/nio/channels/InterruptibleChannel
instanceKlass java/nio/channels/ScatteringByteChannel
instanceKlass java/nio/channels/GatheringByteChannel
instanceKlass java/nio/channels/SeekableByteChannel
instanceKlass java/nio/channels/ByteChannel
instanceKlass java/nio/channels/WritableByteChannel
instanceKlass java/nio/channels/ReadableByteChannel
instanceKlass java/nio/channels/Channel
instanceKlass org/sonatype/aether/repository/LocalArtifactRequest
instanceKlass org/sonatype/aether/impl/internal/DefaultRepositoryEventDispatcher$1
instanceKlass org/sonatype/aether/util/listener/DefaultRepositoryEvent
instanceKlass java/util/Collections$1
instanceKlass org/sonatype/aether/impl/internal/DefaultSyncContextFactory$DefaultSyncContext
instanceKlass org/apache/maven/repository/internal/ArtifactDescriptorUtils
instanceKlass org/sonatype/aether/impl/internal/CacheUtils
instanceKlass org/apache/maven/repository/internal/DefaultVersionResolver$Key
instanceKlass org/sonatype/aether/ConfigurationProperties
instanceKlass org/sonatype/aether/util/artifact/DefaultArtifactType
instanceKlass org/sonatype/aether/util/artifact/AbstractArtifact
instanceKlass org/apache/maven/plugin/CacheUtils
instanceKlass org/apache/maven/plugin/DefaultPluginDescriptorCache$CacheKey
instanceKlass org/apache/maven/lifecycle/internal/GoalTask
instanceKlass org/apache/maven/lifecycle/internal/LifecycleTask
instanceKlass java/util/LinkedList$ListItr
instanceKlass org/codehaus/plexus/util/dag/TopologicalSorter
instanceKlass org/codehaus/plexus/util/dag/Vertex
instanceKlass org/codehaus/plexus/util/dag/DAG
instanceKlass org/sonatype/aether/util/repository/ChainedWorkspaceReader
instanceKlass org/sonatype/aether/repository/WorkspaceRepository
instanceKlass org/apache/maven/artifact/ArtifactUtils
instanceKlass org/apache/maven/project/DefaultProjectBuildingResult
instanceKlass org/apache/maven/artifact/DefaultArtifact
instanceKlass org/apache/maven/artifact/handler/DefaultArtifactHandler
instanceKlass java/math/MutableBigInteger
instanceKlass org/apache/maven/artifact/versioning/ComparableVersion$StringItem
instanceKlass org/apache/maven/artifact/versioning/ComparableVersion$IntegerItem
instanceKlass org/apache/maven/artifact/versioning/ComparableVersion$Item
instanceKlass org/apache/maven/artifact/versioning/ComparableVersion
instanceKlass org/apache/maven/artifact/versioning/DefaultArtifactVersion
instanceKlass org/apache/maven/artifact/versioning/ArtifactVersion
instanceKlass org/apache/maven/lifecycle/internal/DefaultLifecyclePluginAnalyzer$1
instanceKlass org/apache/maven/lifecycle/mapping/Lifecycle
instanceKlass org/apache/maven/lifecycle/mapping/DefaultLifecycleMapping
instanceKlass org/sonatype/guice/bean/scanners/asm/Frame
instanceKlass org/sonatype/guice/bean/scanners/asm/Label
instanceKlass org/sonatype/guice/bean/scanners/asm/Type
instanceKlass org/sonatype/guice/bean/scanners/asm/MethodWriter
instanceKlass org/sonatype/guice/bean/scanners/asm/Item
instanceKlass org/sonatype/guice/bean/scanners/asm/ByteVector
instanceKlass org/sonatype/guice/bean/scanners/asm/MethodVisitor
instanceKlass org/sonatype/guice/bean/scanners/asm/AnnotationVisitor
instanceKlass org/sonatype/guice/bean/scanners/asm/FieldVisitor
instanceKlass org/sonatype/guice/bean/scanners/asm/ClassWriter
instanceKlass org/sonatype/guice/bean/scanners/asm/ClassVisitor
instanceKlass org/apache/maven/model/building/DefaultModelBuildingEvent
instanceKlass org/apache/maven/model/building/ModelBuildingEventCatapult$1
instanceKlass org/apache/maven/project/ReactorModelPool$CacheKey
instanceKlass org/apache/maven/project/DefaultProjectBuilder$InterimResult
instanceKlass org/apache/maven/model/Extension
instanceKlass org/codehaus/plexus/interpolation/util/StringUtils
instanceKlass org/apache/maven/model/MailingList
instanceKlass org/apache/maven/model/License
instanceKlass org/codehaus/plexus/interpolation/reflection/MethodMap
instanceKlass org/codehaus/plexus/interpolation/reflection/ClassMap$CacheMiss
instanceKlass org/codehaus/plexus/interpolation/reflection/ClassMap$MethodInfo
instanceKlass org/codehaus/plexus/interpolation/reflection/ClassMap
instanceKlass org/codehaus/plexus/interpolation/reflection/ReflectionValueExtractor
instanceKlass org/codehaus/plexus/interpolation/util/ValueSourceUtils
instanceKlass org/apache/maven/model/DependencyManagement
instanceKlass org/apache/maven/model/DistributionManagement
instanceKlass org/apache/maven/model/CiManagement
instanceKlass org/apache/maven/model/IssueManagement
instanceKlass org/apache/maven/model/Scm
instanceKlass org/apache/maven/model/Prerequisites
instanceKlass org/apache/maven/model/Organization
instanceKlass org/apache/maven/model/Parent
instanceKlass org/apache/maven/model/interpolation/StringSearchModelInterpolator$InterpolateObjectAction
instanceKlass org/apache/maven/model/interpolation/UrlNormalizingPostProcessor
instanceKlass org/apache/maven/model/interpolation/PathTranslatingPostProcessor
instanceKlass org/codehaus/plexus/interpolation/PrefixedValueSourceWrapper
instanceKlass org/codehaus/plexus/interpolation/FeedbackEnabledValueSource
instanceKlass org/apache/maven/model/profile/activation/PropertyProfileActivator
instanceKlass org/apache/maven/model/profile/activation/JdkVersionProfileActivator$RangeValue
instanceKlass org/apache/maven/model/profile/activation/JdkVersionProfileActivator
instanceKlass org/apache/maven/model/profile/activation/FileProfileActivator
instanceKlass org/apache/maven/model/ActivationOS
instanceKlass org/apache/maven/model/profile/activation/OperatingSystemProfileActivator
instanceKlass org/apache/maven/model/ActivationProperty
instanceKlass org/apache/maven/model/Activation
instanceKlass org/apache/maven/model/Reporting
instanceKlass org/apache/maven/model/io/xpp3/MavenXpp3Reader
instanceKlass org/apache/maven/model/building/DefaultModelProblem
instanceKlass org/apache/maven/model/building/ModelProblemUtils
instanceKlass org/codehaus/plexus/util/xml/XMLWriter
instanceKlass org/codehaus/plexus/util/xml/Xpp3DomBuilder
instanceKlass org/apache/maven/model/io/xpp3/MavenXpp3ReaderEx
instanceKlass org/apache/maven/model/building/FileModelSource
instanceKlass org/apache/maven/model/building/DefaultModelBuildingResult
instanceKlass org/apache/maven/model/building/AbstractModelBuildingListener
instanceKlass org/apache/maven/project/ProjectModelResolver
instanceKlass org/sonatype/aether/util/DefaultRequestTrace
instanceKlass org/apache/maven/model/building/DefaultModelBuildingRequest
instanceKlass org/apache/maven/artifact/repository/LegacyLocalRepositoryManager
instanceKlass org/apache/maven/project/ReactorModelCache
instanceKlass org/netbeans/shaded/json/simple/JSONValue
instanceKlass org/netbeans/shaded/json/simple/JSONStreamAware
instanceKlass org/netbeans/shaded/json/simple/JSONAware
instanceKlass org/apache/maven/lifecycle/internal/DefaultExecutionEventCatapult$1
instanceKlass org/apache/maven/lifecycle/internal/DefaultExecutionEvent
instanceKlass org/apache/maven/AbstractMavenLifecycleParticipant
instanceKlass org/apache/maven/settings/RuntimeInfo
instanceKlass org/sonatype/aether/AbstractRepositoryListener
instanceKlass org/sonatype/aether/util/graph/transformer/JavaDependencyContextRefiner
instanceKlass org/sonatype/aether/util/graph/transformer/NearestVersionConflictResolver
instanceKlass org/sonatype/aether/util/graph/transformer/JavaEffectiveScopeCalculator
instanceKlass org/sonatype/aether/util/graph/transformer/ConflictMarker
instanceKlass org/sonatype/aether/util/graph/transformer/ChainedDependencyGraphTransformer
instanceKlass org/sonatype/aether/util/graph/selector/ExclusionDependencySelector
instanceKlass org/sonatype/aether/util/graph/selector/OptionalDependencySelector
instanceKlass org/sonatype/aether/util/graph/selector/ScopeDependencySelector
instanceKlass org/sonatype/aether/util/graph/selector/AndDependencySelector
instanceKlass org/sonatype/aether/util/graph/manager/ClassicDependencyManager
instanceKlass org/sonatype/aether/util/graph/traverser/FatArtifactTraverser
instanceKlass org/sonatype/aether/util/repository/DefaultAuthenticationSelector
instanceKlass org/sonatype/aether/util/repository/DefaultProxySelector
instanceKlass org/sonatype/aether/util/repository/DefaultMirrorSelector
instanceKlass org/apache/maven/settings/crypto/DefaultSettingsDecryptionResult
instanceKlass org/apache/maven/settings/crypto/DefaultSettingsDecryptionRequest
instanceKlass org/sonatype/aether/impl/internal/TrackingFileManager
instanceKlass org/sonatype/aether/impl/internal/SimpleLocalRepositoryManager
instanceKlass org/sonatype/aether/impl/internal/SimpleLocalRepositoryManagerFactory
instanceKlass org/sonatype/aether/impl/internal/EnhancedLocalRepositoryManagerFactory
instanceKlass org/apache/maven/RepositoryUtils$MavenArtifactTypeRegistry
instanceKlass org/apache/maven/RepositoryUtils
instanceKlass org/sonatype/aether/util/DefaultSessionData
instanceKlass org/sonatype/aether/util/DefaultRepositorySystemSession$NullArtifactTypeRegistry
instanceKlass org/sonatype/aether/util/DefaultRepositorySystemSession$NullAuthenticationSelector
instanceKlass org/sonatype/aether/util/DefaultRepositorySystemSession$NullProxySelector
instanceKlass org/sonatype/aether/util/DefaultRepositorySystemSession$NullMirrorSelector
instanceKlass org/sonatype/aether/util/graph/transformer/NoopDependencyGraphTransformer
instanceKlass org/sonatype/aether/util/graph/selector/StaticDependencySelector
instanceKlass org/sonatype/aether/util/graph/manager/NoopDependencyManager
instanceKlass org/sonatype/aether/util/graph/traverser/StaticDependencyTraverser
instanceKlass org/sonatype/aether/util/DefaultRepositorySystemSession
